<?xml version="1.0" encoding="UTF-8"?>
<coverage generated="1624110481249" clover="3.2.0">
  <project timestamp="1624110481250" name="All files">
    <metrics statements="108" coveredstatements="97" conditionals="57" coveredconditionals="37" methods="30" coveredmethods="30" elements="195" coveredelements="164" complexity="0" loc="108" ncloc="108" packages="1" files="3" classes="3"/>
    <file name="Game.js" path="D:\PROGRAMACION\MetodologiasAgiles\MA-Ahorcado\src\Game.js">
      <metrics statements="81" coveredstatements="73" conditionals="43" coveredconditionals="27" methods="21" coveredmethods="21"/>
      <line num="1" count="1" type="stmt"/>
      <line num="18" count="22" type="stmt"/>
      <line num="19" count="22" type="stmt"/>
      <line num="20" count="22" type="stmt"/>
      <line num="21" count="22" type="stmt"/>
      <line num="22" count="22" type="stmt"/>
      <line num="23" count="22" type="stmt"/>
      <line num="24" count="22" type="stmt"/>
      <line num="29" count="1" type="cond" truecount="1" falsecount="1"/>
      <line num="30" count="1" type="stmt"/>
      <line num="31" count="3" type="stmt"/>
      <line num="33" count="1" type="cond" truecount="1" falsecount="1"/>
      <line num="34" count="1" type="stmt"/>
      <line num="42" count="1" type="cond" truecount="1" falsecount="1"/>
      <line num="44" count="1" type="cond" truecount="1" falsecount="2"/>
      <line num="46" count="1" type="stmt"/>
      <line num="47" count="1" type="stmt"/>
      <line num="49" count="0" type="stmt"/>
      <line num="50" count="0" type="stmt"/>
      <line num="52" count="0" type="stmt"/>
      <line num="53" count="0" type="stmt"/>
      <line num="55" count="1" type="stmt"/>
      <line num="56" count="1" type="stmt"/>
      <line num="61" count="3" type="stmt"/>
      <line num="65" count="1" type="cond" truecount="1" falsecount="1"/>
      <line num="66" count="1" type="cond" truecount="1" falsecount="1"/>
      <line num="67" count="1" type="stmt"/>
      <line num="73" count="8" type="stmt"/>
      <line num="74" count="8" type="cond" truecount="2" falsecount="0"/>
      <line num="75" count="2" type="stmt"/>
      <line num="77" count="6" type="stmt"/>
      <line num="79" count="8" type="stmt"/>
      <line num="80" count="8" type="stmt"/>
      <line num="85" count="3" type="cond" truecount="2" falsecount="0"/>
      <line num="86" count="1" type="stmt"/>
      <line num="88" count="2" type="stmt"/>
      <line num="89" count="2" type="cond" truecount="2" falsecount="0"/>
      <line num="90" count="1" type="stmt"/>
      <line num="96" count="2" type="stmt"/>
      <line num="100" count="1" type="cond" truecount="1" falsecount="1"/>
      <line num="101" count="1" type="stmt"/>
      <line num="102" count="1" type="stmt"/>
      <line num="104" count="0" type="stmt"/>
      <line num="108" count="2" type="cond" truecount="1" falsecount="1"/>
      <line num="109" count="2" type="stmt"/>
      <line num="110" count="2" type="stmt"/>
      <line num="112" count="0" type="stmt"/>
      <line num="116" count="2" type="cond" truecount="1" falsecount="1"/>
      <line num="117" count="2" type="stmt"/>
      <line num="118" count="2" type="stmt"/>
      <line num="120" count="0" type="stmt"/>
      <line num="124" count="9" type="cond" truecount="1" falsecount="1"/>
      <line num="125" count="9" type="stmt"/>
      <line num="126" count="9" type="stmt"/>
      <line num="128" count="0" type="stmt"/>
      <line num="132" count="10" type="stmt"/>
      <line num="136" count="1" type="stmt"/>
      <line num="140" count="13" type="cond" truecount="1" falsecount="1"/>
      <line num="141" count="13" type="stmt"/>
      <line num="142" count="13" type="stmt"/>
      <line num="147" count="24" type="cond" truecount="1" falsecount="1"/>
      <line num="148" count="24" type="stmt"/>
      <line num="149" count="24" type="cond" truecount="2" falsecount="0"/>
      <line num="150" count="19" type="stmt"/>
      <line num="151" count="19" type="stmt"/>
      <line num="153" count="5" type="stmt"/>
      <line num="154" count="5" type="cond" truecount="2" falsecount="0"/>
      <line num="155" count="1" type="stmt"/>
      <line num="157" count="4" type="stmt"/>
      <line num="162" count="1" type="cond" truecount="1" falsecount="1"/>
      <line num="163" count="1" type="stmt"/>
      <line num="164" count="1" type="cond" truecount="1" falsecount="1"/>
      <line num="165" count="1" type="stmt"/>
      <line num="171" count="1" type="stmt"/>
      <line num="172" count="1" type="stmt"/>
      <line num="173" count="6" type="cond" truecount="2" falsecount="0"/>
      <line num="174" count="2" type="stmt"/>
      <line num="177" count="1" type="stmt"/>
      <line num="181" count="5" type="cond" truecount="1" falsecount="1"/>
      <line num="182" count="1" type="stmt"/>
      <line num="188" count="1" type="stmt"/>
    </file>
    <file name="Player.js" path="D:\PROGRAMACION\MetodologiasAgiles\MA-Ahorcado\src\Player.js">
      <metrics statements="14" coveredstatements="14" conditionals="10" coveredconditionals="9" methods="4" coveredmethods="4"/>
      <line num="8" count="22" type="stmt"/>
      <line num="16" count="22" type="stmt"/>
      <line num="20" count="10" type="cond" truecount="2" falsecount="0"/>
      <line num="21" count="9" type="stmt"/>
      <line num="22" count="9" type="stmt"/>
      <line num="24" count="1" type="stmt"/>
      <line num="28" count="1" type="stmt"/>
      <line num="29" count="1" type="cond" truecount="3" falsecount="1"/>
      <line num="30" count="1" type="stmt"/>
      <line num="31" count="2" type="cond" truecount="4" falsecount="0"/>
      <line num="32" count="1" type="stmt"/>
      <line num="33" count="1" type="stmt"/>
      <line num="36" count="1" type="stmt"/>
      <line num="43" count="1" type="stmt"/>
    </file>
    <file name="Ranking.js" path="D:\PROGRAMACION\MetodologiasAgiles\MA-Ahorcado\src\Ranking.js">
      <metrics statements="13" coveredstatements="10" conditionals="4" coveredconditionals="1" methods="5" coveredmethods="5"/>
      <line num="7" count="1" type="stmt"/>
      <line num="11" count="2" type="stmt"/>
      <line num="16" count="1" type="stmt"/>
      <line num="18" count="1" type="stmt"/>
      <line num="19" count="1" type="cond" truecount="1" falsecount="1"/>
      <line num="20" count="1" type="stmt"/>
      <line num="22" count="0" type="cond" truecount="0" falsecount="2"/>
      <line num="23" count="0" type="stmt"/>
      <line num="25" count="0" type="stmt"/>
      <line num="28" count="1" type="stmt"/>
      <line num="29" count="2" type="stmt"/>
      <line num="32" count="1" type="stmt"/>
      <line num="39" count="1" type="stmt"/>
    </file>
  </project>
</coverage>
