<?xml version="1.0" encoding="UTF-8"?>
<coverage generated="1626810966771" clover="3.2.0">
  <project timestamp="1626810966771" name="All files">
    <metrics statements="137" coveredstatements="109" conditionals="66" coveredconditionals="45" methods="48" coveredmethods="31" elements="251" coveredelements="185" complexity="0" loc="137" ncloc="137" packages="1" files="3" classes="3"/>
    <file name="Game.js" path="E:\Metodologías-Agiles_Ejercicios\Juego_Ahorcado\MA-Ahorcado\src\model\Game.js">
      <metrics statements="106" coveredstatements="85" conditionals="52" coveredconditionals="35" methods="35" coveredmethods="22"/>
      <line num="1" count="1" type="stmt"/>
      <line num="6" count="0" type="stmt"/>
      <line num="10" count="0" type="stmt"/>
      <line num="14" count="0" type="stmt"/>
      <line num="18" count="0" type="stmt"/>
      <line num="22" count="0" type="stmt"/>
      <line num="26" count="0" type="stmt"/>
      <line num="30" count="0" type="stmt"/>
      <line num="34" count="0" type="stmt"/>
      <line num="38" count="0" type="stmt"/>
      <line num="42" count="0" type="stmt"/>
      <line num="46" count="0" type="stmt"/>
      <line num="50" count="0" type="stmt"/>
      <line num="54" count="0" type="stmt"/>
      <line num="58" count="24" type="stmt"/>
      <line num="59" count="24" type="stmt"/>
      <line num="60" count="24" type="stmt"/>
      <line num="61" count="24" type="stmt"/>
      <line num="62" count="24" type="stmt"/>
      <line num="63" count="24" type="stmt"/>
      <line num="64" count="24" type="stmt"/>
      <line num="65" count="24" type="stmt"/>
      <line num="66" count="24" type="stmt"/>
      <line num="71" count="1" type="stmt"/>
      <line num="72" count="1" type="cond" truecount="1" falsecount="1"/>
      <line num="73" count="1" type="stmt"/>
      <line num="79" count="1" type="cond" truecount="1" falsecount="1"/>
      <line num="80" count="1" type="stmt"/>
      <line num="81" count="1" type="cond" truecount="1" falsecount="1"/>
      <line num="82" count="1" type="stmt"/>
      <line num="90" count="1" type="cond" truecount="1" falsecount="1"/>
      <line num="92" count="1" type="cond" truecount="1" falsecount="2"/>
      <line num="94" count="1" type="stmt"/>
      <line num="95" count="1" type="stmt"/>
      <line num="97" count="0" type="stmt"/>
      <line num="98" count="0" type="stmt"/>
      <line num="100" count="0" type="stmt"/>
      <line num="101" count="0" type="stmt"/>
      <line num="103" count="1" type="stmt"/>
      <line num="104" count="1" type="stmt"/>
      <line num="110" count="1" type="cond" truecount="1" falsecount="1"/>
      <line num="111" count="1" type="cond" truecount="1" falsecount="1"/>
      <line num="112" count="1" type="stmt"/>
      <line num="118" count="8" type="stmt"/>
      <line num="119" count="14" type="stmt"/>
      <line num="120" count="8" type="cond" truecount="2" falsecount="0"/>
      <line num="121" count="2" type="stmt"/>
      <line num="123" count="6" type="stmt"/>
      <line num="125" count="8" type="stmt"/>
      <line num="126" count="8" type="stmt"/>
      <line num="131" count="4" type="stmt"/>
      <line num="132" count="4" type="cond" truecount="2" falsecount="0"/>
      <line num="133" count="2" type="stmt"/>
      <line num="135" count="2" type="stmt"/>
      <line num="140" count="2" type="stmt"/>
      <line num="144" count="1" type="cond" truecount="1" falsecount="1"/>
      <line num="145" count="1" type="stmt"/>
      <line num="146" count="1" type="stmt"/>
      <line num="148" count="0" type="stmt"/>
      <line num="152" count="2" type="cond" truecount="1" falsecount="1"/>
      <line num="153" count="2" type="stmt"/>
      <line num="154" count="2" type="stmt"/>
      <line num="156" count="0" type="stmt"/>
      <line num="160" count="2" type="cond" truecount="1" falsecount="1"/>
      <line num="161" count="2" type="stmt"/>
      <line num="162" count="2" type="stmt"/>
      <line num="164" count="0" type="stmt"/>
      <line num="168" count="9" type="cond" truecount="1" falsecount="1"/>
      <line num="169" count="9" type="stmt"/>
      <line num="170" count="9" type="stmt"/>
      <line num="172" count="0" type="stmt"/>
      <line num="176" count="10" type="stmt"/>
      <line num="180" count="2" type="stmt"/>
      <line num="184" count="15" type="cond" truecount="1" falsecount="1"/>
      <line num="185" count="15" type="stmt"/>
      <line num="186" count="15" type="stmt"/>
      <line num="191" count="30" type="cond" truecount="1" falsecount="1"/>
      <line num="192" count="30" type="stmt"/>
      <line num="193" count="30" type="cond" truecount="2" falsecount="0"/>
      <line num="194" count="25" type="stmt"/>
      <line num="195" count="25" type="stmt"/>
      <line num="196" count="25" type="stmt"/>
      <line num="197" count="25" type="stmt"/>
      <line num="199" count="5" type="stmt"/>
      <line num="200" count="5" type="cond" truecount="2" falsecount="0"/>
      <line num="201" count="2" type="stmt"/>
      <line num="203" count="5" type="stmt"/>
      <line num="208" count="1" type="cond" truecount="1" falsecount="1"/>
      <line num="209" count="1" type="stmt"/>
      <line num="210" count="1" type="cond" truecount="1" falsecount="1"/>
      <line num="211" count="1" type="stmt"/>
      <line num="217" count="26" type="stmt"/>
      <line num="218" count="26" type="stmt"/>
      <line num="219" count="146" type="cond" truecount="2" falsecount="0"/>
      <line num="220" count="40" type="stmt"/>
      <line num="223" count="26" type="stmt"/>
      <line num="228" count="4" type="cond" truecount="2" falsecount="0"/>
      <line num="229" count="1" type="stmt"/>
      <line num="230" count="1" type="stmt"/>
      <line num="233" count="3" type="cond" truecount="4" falsecount="0"/>
      <line num="235" count="2" type="stmt"/>
      <line num="238" count="1" type="cond" truecount="4" falsecount="1"/>
      <line num="239" count="5" type="stmt"/>
      <line num="241" count="1" type="stmt"/>
      <line num="247" count="4" type="stmt"/>
      <line num="252" count="1" type="stmt"/>
    </file>
    <file name="Player.js" path="E:\Metodologías-Agiles_Ejercicios\Juego_Ahorcado\MA-Ahorcado\src\model\Player.js">
      <metrics statements="17" coveredstatements="14" conditionals="10" coveredconditionals="9" methods="7" coveredmethods="4"/>
      <line num="4" count="0" type="stmt"/>
      <line num="7" count="0" type="stmt"/>
      <line num="10" count="0" type="stmt"/>
      <line num="14" count="24" type="stmt"/>
      <line num="22" count="24" type="stmt"/>
      <line num="26" count="10" type="cond" truecount="2" falsecount="0"/>
      <line num="27" count="9" type="stmt"/>
      <line num="28" count="9" type="stmt"/>
      <line num="30" count="1" type="stmt"/>
      <line num="34" count="2" type="stmt"/>
      <line num="35" count="2" type="cond" truecount="3" falsecount="1"/>
      <line num="36" count="2" type="stmt"/>
      <line num="37" count="4" type="cond" truecount="4" falsecount="0"/>
      <line num="38" count="2" type="stmt"/>
      <line num="39" count="2" type="stmt"/>
      <line num="42" count="2" type="stmt"/>
      <line num="49" count="1" type="stmt"/>
    </file>
    <file name="Ranking.js" path="E:\Metodologías-Agiles_Ejercicios\Juego_Ahorcado\MA-Ahorcado\src\model\Ranking.js">
      <metrics statements="14" coveredstatements="10" conditionals="4" coveredconditionals="1" methods="6" coveredmethods="5"/>
      <line num="5" count="0" type="stmt"/>
      <line num="9" count="1" type="stmt"/>
      <line num="13" count="2" type="stmt"/>
      <line num="18" count="1" type="stmt"/>
      <line num="20" count="1" type="stmt"/>
      <line num="21" count="1" type="cond" truecount="1" falsecount="1"/>
      <line num="22" count="1" type="stmt"/>
      <line num="24" count="0" type="cond" truecount="0" falsecount="2"/>
      <line num="25" count="0" type="stmt"/>
      <line num="27" count="0" type="stmt"/>
      <line num="30" count="1" type="stmt"/>
      <line num="31" count="2" type="stmt"/>
      <line num="34" count="1" type="stmt"/>
      <line num="41" count="1" type="stmt"/>
    </file>
  </project>
</coverage>
