{"D:\\PROGRAMACION\\MetodologiasAgiles\\MA-Ahorcado\\src\\Game.js": {"path":"D:\\PROGRAMACION\\MetodologiasAgiles\\MA-Ahorcado\\src\\Game.js","statementMap":{"0":{"start":{"line":1,"column":15},"end":{"line":1,"column":34}},"1":{"start":{"line":16,"column":8},"end":{"line":16,"column":35}},"2":{"start":{"line":17,"column":8},"end":{"line":17,"column":33}},"3":{"start":{"line":18,"column":8},"end":{"line":18,"column":31}},"4":{"start":{"line":19,"column":8},"end":{"line":19,"column":33}},"5":{"start":{"line":20,"column":8},"end":{"line":20,"column":40}},"6":{"start":{"line":25,"column":8},"end":{"line":25,"column":42}},"7":{"start":{"line":29,"column":8},"end":{"line":33,"column":9}},"8":{"start":{"line":30,"column":12},"end":{"line":32,"column":13}},"9":{"start":{"line":31,"column":16},"end":{"line":31,"column":35}},"10":{"start":{"line":34,"column":8},"end":{"line":34,"column":15}},"11":{"start":{"line":38,"column":20},"end":{"line":38,"column":21}},"12":{"start":{"line":39,"column":8},"end":{"line":43,"column":9}},"13":{"start":{"line":40,"column":12},"end":{"line":40,"column":75}},"14":{"start":{"line":42,"column":12},"end":{"line":42,"column":22}},"15":{"start":{"line":44,"column":8},"end":{"line":44,"column":53}},"16":{"start":{"line":45,"column":8},"end":{"line":45,"column":57}},"17":{"start":{"line":50,"column":8},"end":{"line":57,"column":9}},"18":{"start":{"line":51,"column":12},"end":{"line":51,"column":29}},"19":{"start":{"line":53,"column":12},"end":{"line":53,"column":42}},"20":{"start":{"line":54,"column":12},"end":{"line":56,"column":13}},"21":{"start":{"line":55,"column":16},"end":{"line":55,"column":34}},"22":{"start":{"line":61,"column":8},"end":{"line":61,"column":65}},"23":{"start":{"line":65,"column":8},"end":{"line":68,"column":9}},"24":{"start":{"line":66,"column":12},"end":{"line":66,"column":48}},"25":{"start":{"line":67,"column":12},"end":{"line":67,"column":68}},"26":{"start":{"line":69,"column":8},"end":{"line":69,"column":41}},"27":{"start":{"line":73,"column":8},"end":{"line":76,"column":9}},"28":{"start":{"line":74,"column":12},"end":{"line":74,"column":87}},"29":{"start":{"line":75,"column":12},"end":{"line":75,"column":91}},"30":{"start":{"line":77,"column":8},"end":{"line":77,"column":61}},"31":{"start":{"line":81,"column":8},"end":{"line":84,"column":9}},"32":{"start":{"line":82,"column":12},"end":{"line":82,"column":81}},"33":{"start":{"line":83,"column":12},"end":{"line":83,"column":86}},"34":{"start":{"line":85,"column":8},"end":{"line":85,"column":61}},"35":{"start":{"line":89,"column":8},"end":{"line":92,"column":9}},"36":{"start":{"line":90,"column":12},"end":{"line":90,"column":49}},"37":{"start":{"line":91,"column":12},"end":{"line":91,"column":40}},"38":{"start":{"line":93,"column":8},"end":{"line":93,"column":52}},"39":{"start":{"line":97,"column":8},"end":{"line":97,"column":41}},"40":{"start":{"line":101,"column":8},"end":{"line":104,"column":9}},"41":{"start":{"line":102,"column":12},"end":{"line":102,"column":34}},"42":{"start":{"line":103,"column":12},"end":{"line":103,"column":38}},"43":{"start":{"line":108,"column":8},"end":{"line":119,"column":9}},"44":{"start":{"line":109,"column":24},"end":{"line":109,"column":79}},"45":{"start":{"line":110,"column":12},"end":{"line":113,"column":13}},"46":{"start":{"line":111,"column":16},"end":{"line":111,"column":63}},"47":{"start":{"line":112,"column":16},"end":{"line":112,"column":40}},"48":{"start":{"line":114,"column":12},"end":{"line":114,"column":45}},"49":{"start":{"line":115,"column":12},"end":{"line":117,"column":13}},"50":{"start":{"line":116,"column":16},"end":{"line":116,"column":34}},"51":{"start":{"line":118,"column":12},"end":{"line":118,"column":38}},"52":{"start":{"line":123,"column":8},"end":{"line":128,"column":9}},"53":{"start":{"line":124,"column":24},"end":{"line":124,"column":79}},"54":{"start":{"line":125,"column":12},"end":{"line":127,"column":13}},"55":{"start":{"line":126,"column":16},"end":{"line":126,"column":70}},"56":{"start":{"line":132,"column":22},"end":{"line":132,"column":24}},"57":{"start":{"line":133,"column":8},"end":{"line":137,"column":9}},"58":{"start":{"line":134,"column":12},"end":{"line":136,"column":13}},"59":{"start":{"line":135,"column":16},"end":{"line":135,"column":38}},"60":{"start":{"line":138,"column":8},"end":{"line":138,"column":23}},"61":{"start":{"line":142,"column":8},"end":{"line":144,"column":9}},"62":{"start":{"line":142,"column":50},"end":{"line":142,"column":78}},"63":{"start":{"line":143,"column":12},"end":{"line":143,"column":29}},"64":{"start":{"line":149,"column":0},"end":{"line":149,"column":22}}},"fnMap":{"0":{"name":"(anonymous_0)","decl":{"start":{"line":15,"column":4},"end":{"line":15,"column":5}},"loc":{"start":{"line":15,"column":18},"end":{"line":21,"column":5}},"line":15},"1":{"name":"(anonymous_1)","decl":{"start":{"line":24,"column":4},"end":{"line":24,"column":5}},"loc":{"start":{"line":24,"column":24},"end":{"line":26,"column":5}},"line":24},"2":{"name":"(anonymous_2)","decl":{"start":{"line":28,"column":4},"end":{"line":28,"column":5}},"loc":{"start":{"line":28,"column":38},"end":{"line":35,"column":5}},"line":28},"3":{"name":"(anonymous_3)","decl":{"start":{"line":37,"column":4},"end":{"line":37,"column":5}},"loc":{"start":{"line":37,"column":23},"end":{"line":46,"column":5}},"line":37},"4":{"name":"(anonymous_4)","decl":{"start":{"line":49,"column":4},"end":{"line":49,"column":5}},"loc":{"start":{"line":49,"column":36},"end":{"line":58,"column":5}},"line":49},"5":{"name":"(anonymous_5)","decl":{"start":{"line":60,"column":4},"end":{"line":60,"column":5}},"loc":{"start":{"line":60,"column":27},"end":{"line":62,"column":5}},"line":60},"6":{"name":"(anonymous_6)","decl":{"start":{"line":64,"column":4},"end":{"line":64,"column":5}},"loc":{"start":{"line":64,"column":30},"end":{"line":70,"column":5}},"line":64},"7":{"name":"(anonymous_7)","decl":{"start":{"line":72,"column":4},"end":{"line":72,"column":5}},"loc":{"start":{"line":72,"column":78},"end":{"line":78,"column":5}},"line":72},"8":{"name":"(anonymous_8)","decl":{"start":{"line":80,"column":4},"end":{"line":80,"column":5}},"loc":{"start":{"line":80,"column":72},"end":{"line":86,"column":5}},"line":80},"9":{"name":"(anonymous_9)","decl":{"start":{"line":88,"column":4},"end":{"line":88,"column":5}},"loc":{"start":{"line":88,"column":40},"end":{"line":94,"column":5}},"line":88},"10":{"name":"(anonymous_10)","decl":{"start":{"line":96,"column":4},"end":{"line":96,"column":5}},"loc":{"start":{"line":96,"column":19},"end":{"line":98,"column":5}},"line":96},"11":{"name":"(anonymous_11)","decl":{"start":{"line":100,"column":4},"end":{"line":100,"column":5}},"loc":{"start":{"line":100,"column":27},"end":{"line":105,"column":5}},"line":100},"12":{"name":"(anonymous_12)","decl":{"start":{"line":107,"column":4},"end":{"line":107,"column":5}},"loc":{"start":{"line":107,"column":27},"end":{"line":120,"column":5}},"line":107},"13":{"name":"(anonymous_13)","decl":{"start":{"line":122,"column":4},"end":{"line":122,"column":5}},"loc":{"start":{"line":122,"column":29},"end":{"line":129,"column":5}},"line":122},"14":{"name":"(anonymous_14)","decl":{"start":{"line":131,"column":4},"end":{"line":131,"column":5}},"loc":{"start":{"line":131,"column":46},"end":{"line":139,"column":5}},"line":131},"15":{"name":"(anonymous_15)","decl":{"start":{"line":141,"column":4},"end":{"line":141,"column":5}},"loc":{"start":{"line":141,"column":15},"end":{"line":145,"column":5}},"line":141},"16":{"name":"(anonymous_16)","decl":{"start":{"line":142,"column":40},"end":{"line":142,"column":41}},"loc":{"start":{"line":142,"column":50},"end":{"line":142,"column":78}},"line":142}},"branchMap":{"0":{"loc":{"start":{"line":29,"column":8},"end":{"line":33,"column":9}},"type":"if","locations":[{"start":{"line":29,"column":8},"end":{"line":33,"column":9}},{"start":{"line":29,"column":8},"end":{"line":33,"column":9}}],"line":29},"1":{"loc":{"start":{"line":30,"column":12},"end":{"line":32,"column":13}},"type":"if","locations":[{"start":{"line":30,"column":12},"end":{"line":32,"column":13}},{"start":{"line":30,"column":12},"end":{"line":32,"column":13}}],"line":30},"2":{"loc":{"start":{"line":39,"column":8},"end":{"line":43,"column":9}},"type":"if","locations":[{"start":{"line":39,"column":8},"end":{"line":43,"column":9}},{"start":{"line":39,"column":8},"end":{"line":43,"column":9}}],"line":39},"3":{"loc":{"start":{"line":50,"column":8},"end":{"line":57,"column":9}},"type":"if","locations":[{"start":{"line":50,"column":8},"end":{"line":57,"column":9}},{"start":{"line":50,"column":8},"end":{"line":57,"column":9}}],"line":50},"4":{"loc":{"start":{"line":54,"column":12},"end":{"line":56,"column":13}},"type":"if","locations":[{"start":{"line":54,"column":12},"end":{"line":56,"column":13}},{"start":{"line":54,"column":12},"end":{"line":56,"column":13}}],"line":54},"5":{"loc":{"start":{"line":65,"column":8},"end":{"line":68,"column":9}},"type":"if","locations":[{"start":{"line":65,"column":8},"end":{"line":68,"column":9}},{"start":{"line":65,"column":8},"end":{"line":68,"column":9}}],"line":65},"6":{"loc":{"start":{"line":73,"column":8},"end":{"line":76,"column":9}},"type":"if","locations":[{"start":{"line":73,"column":8},"end":{"line":76,"column":9}},{"start":{"line":73,"column":8},"end":{"line":76,"column":9}}],"line":73},"7":{"loc":{"start":{"line":81,"column":8},"end":{"line":84,"column":9}},"type":"if","locations":[{"start":{"line":81,"column":8},"end":{"line":84,"column":9}},{"start":{"line":81,"column":8},"end":{"line":84,"column":9}}],"line":81},"8":{"loc":{"start":{"line":89,"column":8},"end":{"line":92,"column":9}},"type":"if","locations":[{"start":{"line":89,"column":8},"end":{"line":92,"column":9}},{"start":{"line":89,"column":8},"end":{"line":92,"column":9}}],"line":89},"9":{"loc":{"start":{"line":101,"column":8},"end":{"line":104,"column":9}},"type":"if","locations":[{"start":{"line":101,"column":8},"end":{"line":104,"column":9}},{"start":{"line":101,"column":8},"end":{"line":104,"column":9}}],"line":101},"10":{"loc":{"start":{"line":108,"column":8},"end":{"line":119,"column":9}},"type":"if","locations":[{"start":{"line":108,"column":8},"end":{"line":119,"column":9}},{"start":{"line":108,"column":8},"end":{"line":119,"column":9}}],"line":108},"11":{"loc":{"start":{"line":110,"column":12},"end":{"line":113,"column":13}},"type":"if","locations":[{"start":{"line":110,"column":12},"end":{"line":113,"column":13}},{"start":{"line":110,"column":12},"end":{"line":113,"column":13}}],"line":110},"12":{"loc":{"start":{"line":115,"column":12},"end":{"line":117,"column":13}},"type":"if","locations":[{"start":{"line":115,"column":12},"end":{"line":117,"column":13}},{"start":{"line":115,"column":12},"end":{"line":117,"column":13}}],"line":115},"13":{"loc":{"start":{"line":123,"column":8},"end":{"line":128,"column":9}},"type":"if","locations":[{"start":{"line":123,"column":8},"end":{"line":128,"column":9}},{"start":{"line":123,"column":8},"end":{"line":128,"column":9}}],"line":123},"14":{"loc":{"start":{"line":125,"column":12},"end":{"line":127,"column":13}},"type":"if","locations":[{"start":{"line":125,"column":12},"end":{"line":127,"column":13}},{"start":{"line":125,"column":12},"end":{"line":127,"column":13}}],"line":125},"15":{"loc":{"start":{"line":134,"column":12},"end":{"line":136,"column":13}},"type":"if","locations":[{"start":{"line":134,"column":12},"end":{"line":136,"column":13}},{"start":{"line":134,"column":12},"end":{"line":136,"column":13}}],"line":134},"16":{"loc":{"start":{"line":142,"column":8},"end":{"line":144,"column":9}},"type":"if","locations":[{"start":{"line":142,"column":8},"end":{"line":144,"column":9}},{"start":{"line":142,"column":8},"end":{"line":144,"column":9}}],"line":142}},"s":{"0":1,"1":13,"2":13,"3":13,"4":13,"5":13,"6":3,"7":1,"8":1,"9":1,"10":0,"11":8,"12":8,"13":2,"14":6,"15":8,"16":8,"17":3,"18":1,"19":2,"20":2,"21":1,"22":2,"23":1,"24":1,"25":1,"26":0,"27":2,"28":2,"29":2,"30":0,"31":2,"32":2,"33":2,"34":0,"35":9,"36":9,"37":9,"38":0,"39":9,"40":8,"41":8,"42":8,"43":15,"44":15,"45":15,"46":13,"47":13,"48":2,"49":2,"50":1,"51":1,"52":0,"53":0,"54":0,"55":0,"56":0,"57":0,"58":0,"59":0,"60":0,"61":0,"62":0,"63":0,"64":1},"f":{"0":13,"1":3,"2":1,"3":8,"4":3,"5":2,"6":1,"7":2,"8":2,"9":9,"10":9,"11":8,"12":15,"13":0,"14":0,"15":0,"16":0},"b":{"0":[1,0],"1":[1,0],"2":[2,6],"3":[1,2],"4":[1,1],"5":[1,0],"6":[2,0],"7":[2,0],"8":[9,0],"9":[8,0],"10":[15,0],"11":[13,2],"12":[1,1],"13":[0,0],"14":[0,0],"15":[0,0],"16":[0,0]},"_coverageSchema":"1a1c01bbd47fc00a2c39e90264f33305004495a9","hash":"bebe352b503520cf179b615a0ac764a63358a6ab"}
,"D:\\PROGRAMACION\\MetodologiasAgiles\\MA-Ahorcado\\src\\Player.js": {"path":"D:\\PROGRAMACION\\MetodologiasAgiles\\MA-Ahorcado\\src\\Player.js","statementMap":{"0":{"start":{"line":6,"column":8},"end":{"line":9,"column":9}},"1":{"start":{"line":7,"column":12},"end":{"line":7,"column":29}},"2":{"start":{"line":8,"column":12},"end":{"line":8,"column":39}},"3":{"start":{"line":10,"column":8},"end":{"line":10,"column":38}},"4":{"start":{"line":14,"column":0},"end":{"line":14,"column":24}}},"fnMap":{"0":{"name":"(anonymous_0)","decl":{"start":{"line":5,"column":4},"end":{"line":5,"column":5}},"loc":{"start":{"line":5,"column":18},"end":{"line":11,"column":5}},"line":5}},"branchMap":{"0":{"loc":{"start":{"line":6,"column":8},"end":{"line":9,"column":9}},"type":"if","locations":[{"start":{"line":6,"column":8},"end":{"line":9,"column":9}},{"start":{"line":6,"column":8},"end":{"line":9,"column":9}}],"line":6}},"s":{"0":9,"1":9,"2":9,"3":0,"4":1},"f":{"0":9},"b":{"0":[9,0]},"_coverageSchema":"1a1c01bbd47fc00a2c39e90264f33305004495a9","hash":"07826b7be509af8c0aa6576a712f8c9673b75eb2"}
,"D:\\PROGRAMACION\\MetodologiasAgiles\\MA-Ahorcado\\src\\Ranking.js": {"path":"D:\\PROGRAMACION\\MetodologiasAgiles\\MA-Ahorcado\\src\\Ranking.js","statementMap":{"0":{"start":{"line":7,"column":8},"end":{"line":7,"column":24}},"1":{"start":{"line":11,"column":8},"end":{"line":11,"column":32}},"2":{"start":{"line":16,"column":26},"end":{"line":16,"column":28}},"3":{"start":{"line":18,"column":8},"end":{"line":26,"column":11}},"4":{"start":{"line":19,"column":12},"end":{"line":21,"column":13}},"5":{"start":{"line":20,"column":16},"end":{"line":20,"column":25}},"6":{"start":{"line":22,"column":12},"end":{"line":24,"column":13}},"7":{"start":{"line":23,"column":16},"end":{"line":23,"column":26}},"8":{"start":{"line":25,"column":12},"end":{"line":25,"column":21}},"9":{"start":{"line":28,"column":8},"end":{"line":30,"column":11}},"10":{"start":{"line":29,"column":12},"end":{"line":29,"column":49}},"11":{"start":{"line":32,"column":8},"end":{"line":32,"column":27}},"12":{"start":{"line":39,"column":0},"end":{"line":39,"column":25}}},"fnMap":{"0":{"name":"(anonymous_0)","decl":{"start":{"line":6,"column":4},"end":{"line":6,"column":5}},"loc":{"start":{"line":6,"column":18},"end":{"line":8,"column":5}},"line":6},"1":{"name":"(anonymous_1)","decl":{"start":{"line":10,"column":4},"end":{"line":10,"column":5}},"loc":{"start":{"line":10,"column":21},"end":{"line":12,"column":5}},"line":10},"2":{"name":"(anonymous_2)","decl":{"start":{"line":14,"column":4},"end":{"line":14,"column":5}},"loc":{"start":{"line":14,"column":17},"end":{"line":33,"column":5}},"line":14},"3":{"name":"(anonymous_3)","decl":{"start":{"line":18,"column":25},"end":{"line":18,"column":26}},"loc":{"start":{"line":18,"column":43},"end":{"line":26,"column":9}},"line":18},"4":{"name":"(anonymous_4)","decl":{"start":{"line":28,"column":28},"end":{"line":28,"column":29}},"loc":{"start":{"line":28,"column":36},"end":{"line":30,"column":9}},"line":28}},"branchMap":{"0":{"loc":{"start":{"line":19,"column":12},"end":{"line":21,"column":13}},"type":"if","locations":[{"start":{"line":19,"column":12},"end":{"line":21,"column":13}},{"start":{"line":19,"column":12},"end":{"line":21,"column":13}}],"line":19},"1":{"loc":{"start":{"line":22,"column":12},"end":{"line":24,"column":13}},"type":"if","locations":[{"start":{"line":22,"column":12},"end":{"line":24,"column":13}},{"start":{"line":22,"column":12},"end":{"line":24,"column":13}}],"line":22}},"s":{"0":1,"1":2,"2":1,"3":1,"4":1,"5":1,"6":0,"7":0,"8":0,"9":1,"10":2,"11":1,"12":1},"f":{"0":1,"1":2,"2":1,"3":1,"4":2},"b":{"0":[1,0],"1":[0,0]},"_coverageSchema":"1a1c01bbd47fc00a2c39e90264f33305004495a9","hash":"ba7ac648edfe3a3d46b50feb0764dcaca79c389d"}
}
