{"E:\\Metodologías-Agiles_Ejercicios\\Juego_Ahorcado\\MA-Ahorcado\\src\\model\\Game.js": {"path":"E:\\Metodologías-Agiles_Ejercicios\\Juego_Ahorcado\\MA-Ahorcado\\src\\model\\Game.js","statementMap":{"0":{"start":{"line":1,"column":15},"end":{"line":1,"column":37}},"1":{"start":{"line":6,"column":8},"end":{"line":6,"column":27}},"2":{"start":{"line":10,"column":8},"end":{"line":10,"column":25}},"3":{"start":{"line":14,"column":8},"end":{"line":14,"column":35}},"4":{"start":{"line":18,"column":8},"end":{"line":18,"column":33}},"5":{"start":{"line":22,"column":8},"end":{"line":22,"column":35}},"6":{"start":{"line":26,"column":8},"end":{"line":26,"column":51}},"7":{"start":{"line":30,"column":8},"end":{"line":30,"column":54}},"8":{"start":{"line":34,"column":8},"end":{"line":34,"column":43}},"9":{"start":{"line":38,"column":8},"end":{"line":38,"column":39}},"10":{"start":{"line":42,"column":8},"end":{"line":42,"column":31}},"11":{"start":{"line":46,"column":8},"end":{"line":46,"column":44}},"12":{"start":{"line":50,"column":8},"end":{"line":50,"column":31}},"13":{"start":{"line":54,"column":8},"end":{"line":54,"column":31}},"14":{"start":{"line":59,"column":8},"end":{"line":59,"column":35}},"15":{"start":{"line":60,"column":8},"end":{"line":60,"column":33}},"16":{"start":{"line":61,"column":8},"end":{"line":61,"column":31}},"17":{"start":{"line":62,"column":8},"end":{"line":62,"column":33}},"18":{"start":{"line":63,"column":8},"end":{"line":63,"column":40}},"19":{"start":{"line":64,"column":8},"end":{"line":64,"column":28}},"20":{"start":{"line":65,"column":8},"end":{"line":65,"column":42}},"21":{"start":{"line":66,"column":8},"end":{"line":66,"column":28}},"22":{"start":{"line":67,"column":8},"end":{"line":67,"column":29}},"23":{"start":{"line":72,"column":8},"end":{"line":76,"column":9}},"24":{"start":{"line":72,"column":21},"end":{"line":72,"column":22}},"25":{"start":{"line":73,"column":12},"end":{"line":75,"column":13}},"26":{"start":{"line":74,"column":16},"end":{"line":74,"column":36}},"27":{"start":{"line":81,"column":8},"end":{"line":88,"column":9}},"28":{"start":{"line":82,"column":12},"end":{"line":82,"column":56}},"29":{"start":{"line":83,"column":12},"end":{"line":87,"column":13}},"30":{"start":{"line":84,"column":16},"end":{"line":86,"column":76}},"31":{"start":{"line":93,"column":8},"end":{"line":108,"column":9}},"32":{"start":{"line":95,"column":12},"end":{"line":105,"column":13}},"33":{"start":{"line":97,"column":20},"end":{"line":97,"column":45}},"34":{"start":{"line":98,"column":20},"end":{"line":98,"column":26}},"35":{"start":{"line":100,"column":20},"end":{"line":100,"column":50}},"36":{"start":{"line":101,"column":20},"end":{"line":101,"column":26}},"37":{"start":{"line":103,"column":20},"end":{"line":103,"column":47}},"38":{"start":{"line":104,"column":20},"end":{"line":104,"column":26}},"39":{"start":{"line":106,"column":12},"end":{"line":106,"column":41}},"40":{"start":{"line":107,"column":12},"end":{"line":107,"column":59}},"41":{"start":{"line":113,"column":8},"end":{"line":117,"column":9}},"42":{"start":{"line":114,"column":12},"end":{"line":116,"column":13}},"43":{"start":{"line":115,"column":16},"end":{"line":115,"column":35}},"44":{"start":{"line":122,"column":20},"end":{"line":122,"column":21}},"45":{"start":{"line":123,"column":8},"end":{"line":123,"column":82}},"46":{"start":{"line":123,"column":62},"end":{"line":123,"column":80}},"47":{"start":{"line":124,"column":8},"end":{"line":128,"column":9}},"48":{"start":{"line":125,"column":12},"end":{"line":125,"column":75}},"49":{"start":{"line":127,"column":12},"end":{"line":127,"column":22}},"50":{"start":{"line":129,"column":8},"end":{"line":129,"column":67}},"51":{"start":{"line":130,"column":8},"end":{"line":130,"column":57}},"52":{"start":{"line":135,"column":8},"end":{"line":135,"column":53}},"53":{"start":{"line":136,"column":8},"end":{"line":140,"column":9}},"54":{"start":{"line":137,"column":12},"end":{"line":137,"column":34}},"55":{"start":{"line":139,"column":12},"end":{"line":139,"column":42}},"56":{"start":{"line":145,"column":8},"end":{"line":145,"column":65}},"57":{"start":{"line":150,"column":8},"end":{"line":153,"column":9}},"58":{"start":{"line":151,"column":12},"end":{"line":151,"column":48}},"59":{"start":{"line":152,"column":12},"end":{"line":152,"column":68}},"60":{"start":{"line":154,"column":8},"end":{"line":154,"column":41}},"61":{"start":{"line":159,"column":8},"end":{"line":162,"column":9}},"62":{"start":{"line":160,"column":12},"end":{"line":160,"column":87}},"63":{"start":{"line":161,"column":12},"end":{"line":161,"column":91}},"64":{"start":{"line":163,"column":8},"end":{"line":163,"column":61}},"65":{"start":{"line":168,"column":8},"end":{"line":171,"column":9}},"66":{"start":{"line":169,"column":12},"end":{"line":169,"column":81}},"67":{"start":{"line":170,"column":12},"end":{"line":170,"column":86}},"68":{"start":{"line":172,"column":8},"end":{"line":172,"column":61}},"69":{"start":{"line":177,"column":8},"end":{"line":180,"column":9}},"70":{"start":{"line":178,"column":12},"end":{"line":178,"column":49}},"71":{"start":{"line":179,"column":12},"end":{"line":179,"column":40}},"72":{"start":{"line":181,"column":8},"end":{"line":181,"column":52}},"73":{"start":{"line":186,"column":8},"end":{"line":186,"column":41}},"74":{"start":{"line":191,"column":8},"end":{"line":191,"column":70}},"75":{"start":{"line":196,"column":8},"end":{"line":199,"column":9}},"76":{"start":{"line":197,"column":12},"end":{"line":197,"column":48}},"77":{"start":{"line":198,"column":12},"end":{"line":198,"column":38}},"78":{"start":{"line":204,"column":8},"end":{"line":217,"column":9}},"79":{"start":{"line":205,"column":24},"end":{"line":205,"column":79}},"80":{"start":{"line":206,"column":12},"end":{"line":211,"column":13}},"81":{"start":{"line":207,"column":16},"end":{"line":207,"column":63}},"82":{"start":{"line":208,"column":38},"end":{"line":208,"column":91}},"83":{"start":{"line":209,"column":16},"end":{"line":209,"column":51}},"84":{"start":{"line":210,"column":16},"end":{"line":210,"column":40}},"85":{"start":{"line":212,"column":12},"end":{"line":212,"column":45}},"86":{"start":{"line":213,"column":12},"end":{"line":215,"column":13}},"87":{"start":{"line":214,"column":16},"end":{"line":214,"column":37}},"88":{"start":{"line":216,"column":12},"end":{"line":216,"column":38}},"89":{"start":{"line":222,"column":8},"end":{"line":227,"column":9}},"90":{"start":{"line":223,"column":24},"end":{"line":223,"column":79}},"91":{"start":{"line":224,"column":12},"end":{"line":226,"column":13}},"92":{"start":{"line":225,"column":16},"end":{"line":225,"column":70}},"93":{"start":{"line":232,"column":22},"end":{"line":232,"column":24}},"94":{"start":{"line":233,"column":8},"end":{"line":237,"column":9}},"95":{"start":{"line":234,"column":12},"end":{"line":236,"column":13}},"96":{"start":{"line":235,"column":16},"end":{"line":235,"column":38}},"97":{"start":{"line":238,"column":8},"end":{"line":238,"column":23}},"98":{"start":{"line":243,"column":8},"end":{"line":246,"column":9}},"99":{"start":{"line":244,"column":12},"end":{"line":244,"column":40}},"100":{"start":{"line":245,"column":12},"end":{"line":245,"column":29}},"101":{"start":{"line":248,"column":8},"end":{"line":251,"column":8}},"102":{"start":{"line":250,"column":12},"end":{"line":250,"column":30}},"103":{"start":{"line":253,"column":7},"end":{"line":257,"column":8}},"104":{"start":{"line":254,"column":49},"end":{"line":254,"column":77}},"105":{"start":{"line":256,"column":12},"end":{"line":256,"column":29}},"106":{"start":{"line":263,"column":8},"end":{"line":263,"column":31}},"107":{"start":{"line":268,"column":0},"end":{"line":268,"column":22}}},"fnMap":{"0":{"name":"(anonymous_0)","decl":{"start":{"line":5,"column":4},"end":{"line":5,"column":5}},"loc":{"start":{"line":5,"column":13},"end":{"line":7,"column":5}},"line":5},"1":{"name":"(anonymous_1)","decl":{"start":{"line":9,"column":4},"end":{"line":9,"column":5}},"loc":{"start":{"line":9,"column":11},"end":{"line":11,"column":5}},"line":9},"2":{"name":"(anonymous_2)","decl":{"start":{"line":13,"column":4},"end":{"line":13,"column":5}},"loc":{"start":{"line":13,"column":21},"end":{"line":15,"column":5}},"line":13},"3":{"name":"(anonymous_3)","decl":{"start":{"line":17,"column":4},"end":{"line":17,"column":5}},"loc":{"start":{"line":17,"column":19},"end":{"line":19,"column":5}},"line":17},"4":{"name":"(anonymous_4)","decl":{"start":{"line":21,"column":4},"end":{"line":21,"column":5}},"loc":{"start":{"line":21,"column":21},"end":{"line":23,"column":5}},"line":21},"5":{"name":"(anonymous_5)","decl":{"start":{"line":25,"column":4},"end":{"line":25,"column":5}},"loc":{"start":{"line":25,"column":37},"end":{"line":27,"column":5}},"line":25},"6":{"name":"(anonymous_6)","decl":{"start":{"line":29,"column":4},"end":{"line":29,"column":5}},"loc":{"start":{"line":29,"column":40},"end":{"line":31,"column":5}},"line":29},"7":{"name":"(anonymous_7)","decl":{"start":{"line":33,"column":4},"end":{"line":33,"column":5}},"loc":{"start":{"line":33,"column":29},"end":{"line":35,"column":5}},"line":33},"8":{"name":"(anonymous_8)","decl":{"start":{"line":37,"column":4},"end":{"line":37,"column":5}},"loc":{"start":{"line":37,"column":25},"end":{"line":39,"column":5}},"line":37},"9":{"name":"(anonymous_9)","decl":{"start":{"line":41,"column":4},"end":{"line":41,"column":5}},"loc":{"start":{"line":41,"column":17},"end":{"line":43,"column":5}},"line":41},"10":{"name":"(anonymous_10)","decl":{"start":{"line":45,"column":4},"end":{"line":45,"column":5}},"loc":{"start":{"line":45,"column":30},"end":{"line":47,"column":5}},"line":45},"11":{"name":"(anonymous_11)","decl":{"start":{"line":49,"column":4},"end":{"line":49,"column":5}},"loc":{"start":{"line":49,"column":17},"end":{"line":51,"column":5}},"line":49},"12":{"name":"(anonymous_12)","decl":{"start":{"line":53,"column":4},"end":{"line":53,"column":5}},"loc":{"start":{"line":53,"column":17},"end":{"line":55,"column":5}},"line":53},"13":{"name":"(anonymous_13)","decl":{"start":{"line":58,"column":4},"end":{"line":58,"column":5}},"loc":{"start":{"line":58,"column":18},"end":{"line":68,"column":5}},"line":58},"14":{"name":"(anonymous_14)","decl":{"start":{"line":71,"column":4},"end":{"line":71,"column":5}},"loc":{"start":{"line":71,"column":14},"end":{"line":77,"column":5}},"line":71},"15":{"name":"(anonymous_15)","decl":{"start":{"line":80,"column":4},"end":{"line":80,"column":5}},"loc":{"start":{"line":80,"column":51},"end":{"line":89,"column":5}},"line":80},"16":{"name":"(anonymous_16)","decl":{"start":{"line":92,"column":4},"end":{"line":92,"column":5}},"loc":{"start":{"line":92,"column":32},"end":{"line":109,"column":5}},"line":92},"17":{"name":"(anonymous_17)","decl":{"start":{"line":112,"column":4},"end":{"line":112,"column":5}},"loc":{"start":{"line":112,"column":38},"end":{"line":118,"column":5}},"line":112},"18":{"name":"(anonymous_18)","decl":{"start":{"line":121,"column":4},"end":{"line":121,"column":5}},"loc":{"start":{"line":121,"column":23},"end":{"line":131,"column":5}},"line":121},"19":{"name":"(anonymous_19)","decl":{"start":{"line":123,"column":54},"end":{"line":123,"column":55}},"loc":{"start":{"line":123,"column":62},"end":{"line":123,"column":80}},"line":123},"20":{"name":"(anonymous_20)","decl":{"start":{"line":134,"column":4},"end":{"line":134,"column":5}},"loc":{"start":{"line":134,"column":36},"end":{"line":141,"column":5}},"line":134},"21":{"name":"(anonymous_21)","decl":{"start":{"line":144,"column":4},"end":{"line":144,"column":5}},"loc":{"start":{"line":144,"column":27},"end":{"line":146,"column":5}},"line":144},"22":{"name":"(anonymous_22)","decl":{"start":{"line":149,"column":4},"end":{"line":149,"column":5}},"loc":{"start":{"line":149,"column":30},"end":{"line":155,"column":5}},"line":149},"23":{"name":"(anonymous_23)","decl":{"start":{"line":158,"column":4},"end":{"line":158,"column":5}},"loc":{"start":{"line":158,"column":78},"end":{"line":164,"column":5}},"line":158},"24":{"name":"(anonymous_24)","decl":{"start":{"line":167,"column":4},"end":{"line":167,"column":5}},"loc":{"start":{"line":167,"column":72},"end":{"line":173,"column":5}},"line":167},"25":{"name":"(anonymous_25)","decl":{"start":{"line":176,"column":4},"end":{"line":176,"column":5}},"loc":{"start":{"line":176,"column":40},"end":{"line":182,"column":5}},"line":176},"26":{"name":"(anonymous_26)","decl":{"start":{"line":185,"column":4},"end":{"line":185,"column":5}},"loc":{"start":{"line":185,"column":19},"end":{"line":187,"column":5}},"line":185},"27":{"name":"(anonymous_27)","decl":{"start":{"line":190,"column":4},"end":{"line":190,"column":5}},"loc":{"start":{"line":190,"column":48},"end":{"line":192,"column":5}},"line":190},"28":{"name":"(anonymous_28)","decl":{"start":{"line":195,"column":4},"end":{"line":195,"column":5}},"loc":{"start":{"line":195,"column":27},"end":{"line":200,"column":5}},"line":195},"29":{"name":"(anonymous_29)","decl":{"start":{"line":203,"column":4},"end":{"line":203,"column":5}},"loc":{"start":{"line":203,"column":27},"end":{"line":218,"column":5}},"line":203},"30":{"name":"(anonymous_30)","decl":{"start":{"line":221,"column":4},"end":{"line":221,"column":5}},"loc":{"start":{"line":221,"column":29},"end":{"line":228,"column":5}},"line":221},"31":{"name":"(anonymous_31)","decl":{"start":{"line":231,"column":4},"end":{"line":231,"column":5}},"loc":{"start":{"line":231,"column":46},"end":{"line":239,"column":5}},"line":231},"32":{"name":"(anonymous_32)","decl":{"start":{"line":242,"column":4},"end":{"line":242,"column":5}},"loc":{"start":{"line":242,"column":15},"end":{"line":259,"column":5}},"line":242},"33":{"name":"(anonymous_33)","decl":{"start":{"line":254,"column":39},"end":{"line":254,"column":40}},"loc":{"start":{"line":254,"column":49},"end":{"line":254,"column":77}},"line":254},"34":{"name":"(anonymous_34)","decl":{"start":{"line":262,"column":4},"end":{"line":262,"column":5}},"loc":{"start":{"line":262,"column":24},"end":{"line":264,"column":5}},"line":262}},"branchMap":{"0":{"loc":{"start":{"line":73,"column":12},"end":{"line":75,"column":13}},"type":"if","locations":[{"start":{"line":73,"column":12},"end":{"line":75,"column":13}},{"start":{"line":73,"column":12},"end":{"line":75,"column":13}}],"line":73},"1":{"loc":{"start":{"line":81,"column":8},"end":{"line":88,"column":9}},"type":"if","locations":[{"start":{"line":81,"column":8},"end":{"line":88,"column":9}},{"start":{"line":81,"column":8},"end":{"line":88,"column":9}}],"line":81},"2":{"loc":{"start":{"line":83,"column":12},"end":{"line":87,"column":13}},"type":"if","locations":[{"start":{"line":83,"column":12},"end":{"line":87,"column":13}},{"start":{"line":83,"column":12},"end":{"line":87,"column":13}}],"line":83},"3":{"loc":{"start":{"line":93,"column":8},"end":{"line":108,"column":9}},"type":"if","locations":[{"start":{"line":93,"column":8},"end":{"line":108,"column":9}},{"start":{"line":93,"column":8},"end":{"line":108,"column":9}}],"line":93},"4":{"loc":{"start":{"line":95,"column":12},"end":{"line":105,"column":13}},"type":"switch","locations":[{"start":{"line":96,"column":16},"end":{"line":98,"column":26}},{"start":{"line":99,"column":16},"end":{"line":101,"column":26}},{"start":{"line":102,"column":16},"end":{"line":104,"column":26}}],"line":95},"5":{"loc":{"start":{"line":113,"column":8},"end":{"line":117,"column":9}},"type":"if","locations":[{"start":{"line":113,"column":8},"end":{"line":117,"column":9}},{"start":{"line":113,"column":8},"end":{"line":117,"column":9}}],"line":113},"6":{"loc":{"start":{"line":114,"column":12},"end":{"line":116,"column":13}},"type":"if","locations":[{"start":{"line":114,"column":12},"end":{"line":116,"column":13}},{"start":{"line":114,"column":12},"end":{"line":116,"column":13}}],"line":114},"7":{"loc":{"start":{"line":124,"column":8},"end":{"line":128,"column":9}},"type":"if","locations":[{"start":{"line":124,"column":8},"end":{"line":128,"column":9}},{"start":{"line":124,"column":8},"end":{"line":128,"column":9}}],"line":124},"8":{"loc":{"start":{"line":136,"column":8},"end":{"line":140,"column":9}},"type":"if","locations":[{"start":{"line":136,"column":8},"end":{"line":140,"column":9}},{"start":{"line":136,"column":8},"end":{"line":140,"column":9}}],"line":136},"9":{"loc":{"start":{"line":150,"column":8},"end":{"line":153,"column":9}},"type":"if","locations":[{"start":{"line":150,"column":8},"end":{"line":153,"column":9}},{"start":{"line":150,"column":8},"end":{"line":153,"column":9}}],"line":150},"10":{"loc":{"start":{"line":159,"column":8},"end":{"line":162,"column":9}},"type":"if","locations":[{"start":{"line":159,"column":8},"end":{"line":162,"column":9}},{"start":{"line":159,"column":8},"end":{"line":162,"column":9}}],"line":159},"11":{"loc":{"start":{"line":168,"column":8},"end":{"line":171,"column":9}},"type":"if","locations":[{"start":{"line":168,"column":8},"end":{"line":171,"column":9}},{"start":{"line":168,"column":8},"end":{"line":171,"column":9}}],"line":168},"12":{"loc":{"start":{"line":177,"column":8},"end":{"line":180,"column":9}},"type":"if","locations":[{"start":{"line":177,"column":8},"end":{"line":180,"column":9}},{"start":{"line":177,"column":8},"end":{"line":180,"column":9}}],"line":177},"13":{"loc":{"start":{"line":196,"column":8},"end":{"line":199,"column":9}},"type":"if","locations":[{"start":{"line":196,"column":8},"end":{"line":199,"column":9}},{"start":{"line":196,"column":8},"end":{"line":199,"column":9}}],"line":196},"14":{"loc":{"start":{"line":204,"column":8},"end":{"line":217,"column":9}},"type":"if","locations":[{"start":{"line":204,"column":8},"end":{"line":217,"column":9}},{"start":{"line":204,"column":8},"end":{"line":217,"column":9}}],"line":204},"15":{"loc":{"start":{"line":206,"column":12},"end":{"line":211,"column":13}},"type":"if","locations":[{"start":{"line":206,"column":12},"end":{"line":211,"column":13}},{"start":{"line":206,"column":12},"end":{"line":211,"column":13}}],"line":206},"16":{"loc":{"start":{"line":213,"column":12},"end":{"line":215,"column":13}},"type":"if","locations":[{"start":{"line":213,"column":12},"end":{"line":215,"column":13}},{"start":{"line":213,"column":12},"end":{"line":215,"column":13}}],"line":213},"17":{"loc":{"start":{"line":222,"column":8},"end":{"line":227,"column":9}},"type":"if","locations":[{"start":{"line":222,"column":8},"end":{"line":227,"column":9}},{"start":{"line":222,"column":8},"end":{"line":227,"column":9}}],"line":222},"18":{"loc":{"start":{"line":224,"column":12},"end":{"line":226,"column":13}},"type":"if","locations":[{"start":{"line":224,"column":12},"end":{"line":226,"column":13}},{"start":{"line":224,"column":12},"end":{"line":226,"column":13}}],"line":224},"19":{"loc":{"start":{"line":234,"column":12},"end":{"line":236,"column":13}},"type":"if","locations":[{"start":{"line":234,"column":12},"end":{"line":236,"column":13}},{"start":{"line":234,"column":12},"end":{"line":236,"column":13}}],"line":234},"20":{"loc":{"start":{"line":243,"column":8},"end":{"line":246,"column":9}},"type":"if","locations":[{"start":{"line":243,"column":8},"end":{"line":246,"column":9}},{"start":{"line":243,"column":8},"end":{"line":246,"column":9}}],"line":243},"21":{"loc":{"start":{"line":248,"column":8},"end":{"line":251,"column":8}},"type":"if","locations":[{"start":{"line":248,"column":8},"end":{"line":251,"column":8}},{"start":{"line":248,"column":8},"end":{"line":251,"column":8}}],"line":248},"22":{"loc":{"start":{"line":248,"column":13},"end":{"line":249,"column":82}},"type":"binary-expr","locations":[{"start":{"line":248,"column":13},"end":{"line":248,"column":76}},{"start":{"line":249,"column":13},"end":{"line":249,"column":82}}],"line":248},"23":{"loc":{"start":{"line":253,"column":7},"end":{"line":257,"column":8}},"type":"if","locations":[{"start":{"line":253,"column":7},"end":{"line":257,"column":8}},{"start":{"line":253,"column":7},"end":{"line":257,"column":8}}],"line":253},"24":{"loc":{"start":{"line":253,"column":12},"end":{"line":254,"column":78}},"type":"binary-expr","locations":[{"start":{"line":253,"column":12},"end":{"line":253,"column":28}},{"start":{"line":253,"column":32},"end":{"line":253,"column":62}},{"start":{"line":254,"column":12},"end":{"line":254,"column":78}}],"line":253}},"s":{"0":1,"1":0,"2":0,"3":0,"4":0,"5":0,"6":0,"7":0,"8":0,"9":0,"10":0,"11":0,"12":0,"13":0,"14":24,"15":24,"16":24,"17":24,"18":24,"19":24,"20":24,"21":24,"22":24,"23":1,"24":1,"25":1,"26":1,"27":1,"28":1,"29":1,"30":1,"31":1,"32":1,"33":1,"34":1,"35":0,"36":0,"37":0,"38":0,"39":1,"40":1,"41":1,"42":1,"43":1,"44":8,"45":8,"46":14,"47":8,"48":2,"49":6,"50":8,"51":8,"52":4,"53":4,"54":2,"55":2,"56":2,"57":1,"58":1,"59":1,"60":0,"61":2,"62":2,"63":2,"64":0,"65":2,"66":2,"67":2,"68":0,"69":9,"70":9,"71":9,"72":0,"73":10,"74":2,"75":15,"76":15,"77":15,"78":30,"79":30,"80":30,"81":25,"82":25,"83":25,"84":25,"85":5,"86":5,"87":2,"88":5,"89":1,"90":1,"91":1,"92":1,"93":26,"94":26,"95":146,"96":40,"97":26,"98":4,"99":1,"100":1,"101":3,"102":2,"103":1,"104":5,"105":1,"106":4,"107":1},"f":{"0":0,"1":0,"2":0,"3":0,"4":0,"5":0,"6":0,"7":0,"8":0,"9":0,"10":0,"11":0,"12":0,"13":24,"14":1,"15":1,"16":1,"17":1,"18":8,"19":14,"20":4,"21":2,"22":1,"23":2,"24":2,"25":9,"26":10,"27":2,"28":15,"29":30,"30":1,"31":26,"32":4,"33":5,"34":4},"b":{"0":[1,0],"1":[1,0],"2":[1,0],"3":[1,0],"4":[1,0,0],"5":[1,0],"6":[1,0],"7":[2,6],"8":[2,2],"9":[1,0],"10":[2,0],"11":[2,0],"12":[9,0],"13":[15,0],"14":[30,0],"15":[25,5],"16":[2,3],"17":[1,0],"18":[1,0],"19":[40,106],"20":[1,3],"21":[2,1],"22":[3,2],"23":[1,0],"24":[1,1,1]},"_coverageSchema":"1a1c01bbd47fc00a2c39e90264f33305004495a9","hash":"16a51f997891772b3eefe5eb6cd5c21db0c309c6"}
,"E:\\Metodologías-Agiles_Ejercicios\\Juego_Ahorcado\\MA-Ahorcado\\src\\model\\Player.js": {"path":"E:\\Metodologías-Agiles_Ejercicios\\Juego_Ahorcado\\MA-Ahorcado\\src\\model\\Player.js","statementMap":{"0":{"start":{"line":4,"column":8},"end":{"line":4,"column":25}},"1":{"start":{"line":8,"column":8},"end":{"line":8,"column":26}},"2":{"start":{"line":12,"column":8},"end":{"line":12,"column":31}},"3":{"start":{"line":16,"column":8},"end":{"line":22,"column":11}},"4":{"start":{"line":24,"column":8},"end":{"line":24,"column":29}},"5":{"start":{"line":28,"column":8},"end":{"line":31,"column":9}},"6":{"start":{"line":29,"column":12},"end":{"line":29,"column":29}},"7":{"start":{"line":30,"column":12},"end":{"line":30,"column":39}},"8":{"start":{"line":32,"column":8},"end":{"line":32,"column":38}},"9":{"start":{"line":36,"column":20},"end":{"line":36,"column":25}},"10":{"start":{"line":37,"column":8},"end":{"line":45,"column":9}},"11":{"start":{"line":38,"column":12},"end":{"line":43,"column":15}},"12":{"start":{"line":39,"column":16},"end":{"line":42,"column":17}},"13":{"start":{"line":40,"column":20},"end":{"line":40,"column":61}},"14":{"start":{"line":41,"column":20},"end":{"line":41,"column":33}},"15":{"start":{"line":44,"column":12},"end":{"line":44,"column":25}},"16":{"start":{"line":50,"column":0},"end":{"line":50,"column":24}}},"fnMap":{"0":{"name":"(anonymous_0)","decl":{"start":{"line":3,"column":4},"end":{"line":3,"column":5}},"loc":{"start":{"line":3,"column":11},"end":{"line":5,"column":5}},"line":3},"1":{"name":"(anonymous_1)","decl":{"start":{"line":7,"column":4},"end":{"line":7,"column":5}},"loc":{"start":{"line":7,"column":12},"end":{"line":9,"column":5}},"line":7},"2":{"name":"(anonymous_2)","decl":{"start":{"line":11,"column":4},"end":{"line":11,"column":5}},"loc":{"start":{"line":11,"column":17},"end":{"line":13,"column":5}},"line":11},"3":{"name":"(anonymous_3)","decl":{"start":{"line":15,"column":4},"end":{"line":15,"column":5}},"loc":{"start":{"line":15,"column":18},"end":{"line":25,"column":5}},"line":15},"4":{"name":"(anonymous_4)","decl":{"start":{"line":27,"column":4},"end":{"line":27,"column":5}},"loc":{"start":{"line":27,"column":18},"end":{"line":33,"column":5}},"line":27},"5":{"name":"(anonymous_5)","decl":{"start":{"line":35,"column":4},"end":{"line":35,"column":5}},"loc":{"start":{"line":35,"column":47},"end":{"line":46,"column":5}},"line":35},"6":{"name":"(anonymous_6)","decl":{"start":{"line":38,"column":31},"end":{"line":38,"column":32}},"loc":{"start":{"line":38,"column":39},"end":{"line":43,"column":13}},"line":38}},"branchMap":{"0":{"loc":{"start":{"line":28,"column":8},"end":{"line":31,"column":9}},"type":"if","locations":[{"start":{"line":28,"column":8},"end":{"line":31,"column":9}},{"start":{"line":28,"column":8},"end":{"line":31,"column":9}}],"line":28},"1":{"loc":{"start":{"line":37,"column":8},"end":{"line":45,"column":9}},"type":"if","locations":[{"start":{"line":37,"column":8},"end":{"line":45,"column":9}},{"start":{"line":37,"column":8},"end":{"line":45,"column":9}}],"line":37},"2":{"loc":{"start":{"line":37,"column":13},"end":{"line":37,"column":33}},"type":"binary-expr","locations":[{"start":{"line":37,"column":13},"end":{"line":37,"column":21}},{"start":{"line":37,"column":25},"end":{"line":37,"column":33}}],"line":37},"3":{"loc":{"start":{"line":39,"column":16},"end":{"line":42,"column":17}},"type":"if","locations":[{"start":{"line":39,"column":16},"end":{"line":42,"column":17}},{"start":{"line":39,"column":16},"end":{"line":42,"column":17}}],"line":39},"4":{"loc":{"start":{"line":39,"column":21},"end":{"line":39,"column":77}},"type":"binary-expr","locations":[{"start":{"line":39,"column":21},"end":{"line":39,"column":47}},{"start":{"line":39,"column":51},"end":{"line":39,"column":77}}],"line":39}},"s":{"0":0,"1":0,"2":0,"3":24,"4":24,"5":10,"6":9,"7":9,"8":1,"9":2,"10":2,"11":2,"12":4,"13":2,"14":2,"15":2,"16":1},"f":{"0":0,"1":0,"2":0,"3":24,"4":10,"5":2,"6":4},"b":{"0":[9,1],"1":[2,0],"2":[2,2],"3":[2,2],"4":[4,2]},"_coverageSchema":"1a1c01bbd47fc00a2c39e90264f33305004495a9","hash":"5a226102f91f2fea5689407dbea4bde1fd2c6438"}
,"E:\\Metodologías-Agiles_Ejercicios\\Juego_Ahorcado\\MA-Ahorcado\\src\\model\\Ranking.js": {"path":"E:\\Metodologías-Agiles_Ejercicios\\Juego_Ahorcado\\MA-Ahorcado\\src\\model\\Ranking.js","statementMap":{"0":{"start":{"line":4,"column":8},"end":{"line":4,"column":26}},"1":{"start":{"line":8,"column":8},"end":{"line":8,"column":24}},"2":{"start":{"line":12,"column":8},"end":{"line":12,"column":32}},"3":{"start":{"line":17,"column":26},"end":{"line":17,"column":28}},"4":{"start":{"line":19,"column":8},"end":{"line":27,"column":11}},"5":{"start":{"line":20,"column":12},"end":{"line":22,"column":13}},"6":{"start":{"line":21,"column":16},"end":{"line":21,"column":25}},"7":{"start":{"line":23,"column":12},"end":{"line":25,"column":13}},"8":{"start":{"line":24,"column":16},"end":{"line":24,"column":26}},"9":{"start":{"line":26,"column":12},"end":{"line":26,"column":21}},"10":{"start":{"line":29,"column":8},"end":{"line":31,"column":11}},"11":{"start":{"line":30,"column":12},"end":{"line":30,"column":49}},"12":{"start":{"line":33,"column":8},"end":{"line":33,"column":27}},"13":{"start":{"line":38,"column":0},"end":{"line":38,"column":25}}},"fnMap":{"0":{"name":"(anonymous_0)","decl":{"start":{"line":3,"column":4},"end":{"line":3,"column":5}},"loc":{"start":{"line":3,"column":12},"end":{"line":5,"column":5}},"line":3},"1":{"name":"(anonymous_1)","decl":{"start":{"line":7,"column":4},"end":{"line":7,"column":5}},"loc":{"start":{"line":7,"column":18},"end":{"line":9,"column":5}},"line":7},"2":{"name":"(anonymous_2)","decl":{"start":{"line":11,"column":4},"end":{"line":11,"column":5}},"loc":{"start":{"line":11,"column":21},"end":{"line":13,"column":5}},"line":11},"3":{"name":"(anonymous_3)","decl":{"start":{"line":15,"column":4},"end":{"line":15,"column":5}},"loc":{"start":{"line":15,"column":17},"end":{"line":34,"column":5}},"line":15},"4":{"name":"(anonymous_4)","decl":{"start":{"line":19,"column":25},"end":{"line":19,"column":26}},"loc":{"start":{"line":19,"column":43},"end":{"line":27,"column":9}},"line":19},"5":{"name":"(anonymous_5)","decl":{"start":{"line":29,"column":28},"end":{"line":29,"column":29}},"loc":{"start":{"line":29,"column":36},"end":{"line":31,"column":9}},"line":29}},"branchMap":{"0":{"loc":{"start":{"line":20,"column":12},"end":{"line":22,"column":13}},"type":"if","locations":[{"start":{"line":20,"column":12},"end":{"line":22,"column":13}},{"start":{"line":20,"column":12},"end":{"line":22,"column":13}}],"line":20},"1":{"loc":{"start":{"line":23,"column":12},"end":{"line":25,"column":13}},"type":"if","locations":[{"start":{"line":23,"column":12},"end":{"line":25,"column":13}},{"start":{"line":23,"column":12},"end":{"line":25,"column":13}}],"line":23}},"s":{"0":0,"1":1,"2":2,"3":1,"4":1,"5":1,"6":1,"7":0,"8":0,"9":0,"10":1,"11":2,"12":1,"13":1},"f":{"0":0,"1":1,"2":2,"3":1,"4":1,"5":2},"b":{"0":[1,0],"1":[0,0]},"_coverageSchema":"1a1c01bbd47fc00a2c39e90264f33305004495a9","hash":"ec5ab6a37b5eb5d433d59ac7f3284dfdf50c054d"}
}
