TN:
SF:src\Game.js
FN:15,(anonymous_0)
FN:24,(anonymous_1)
FN:28,(anonymous_2)
FN:36,(anonymous_3)
FN:48,(anonymous_4)
FN:59,(anonymous_5)
FN:63,(anonymous_6)
FN:71,(anonymous_7)
FN:79,(anonymous_8)
FN:87,(anonymous_9)
FN:95,(anonymous_10)
FN:99,(anonymous_11)
FN:106,(anonymous_12)
FN:121,(anonymous_13)
FN:130,(anonymous_14)
FN:140,(anonymous_15)
FN:141,(anonymous_16)
FNF:17
FNH:17
FNDA:19,(anonymous_0)
FNDA:3,(anonymous_1)
FNDA:1,(anonymous_2)
FNDA:8,(anonymous_3)
FNDA:3,(anonymous_4)
FNDA:2,(anonymous_5)
FNDA:1,(anonymous_6)
FNDA:2,(anonymous_7)
FNDA:2,(anonymous_8)
FNDA:9,(anonymous_9)
FNDA:10,(anonymous_10)
FNDA:13,(anonymous_11)
FNDA:24,(anonymous_12)
FNDA:1,(anonymous_13)
FNDA:1,(anonymous_14)
FNDA:1,(anonymous_15)
FNDA:5,(anonymous_16)
DA:1,1
DA:16,19
DA:17,19
DA:18,19
DA:19,19
DA:20,19
DA:25,3
DA:29,1
DA:30,1
DA:31,1
DA:37,8
DA:38,8
DA:39,2
DA:41,6
DA:43,8
DA:44,8
DA:49,3
DA:50,1
DA:52,2
DA:53,2
DA:54,1
DA:60,2
DA:64,1
DA:65,1
DA:66,1
DA:68,0
DA:72,2
DA:73,2
DA:74,2
DA:76,0
DA:80,2
DA:81,2
DA:82,2
DA:84,0
DA:88,9
DA:89,9
DA:90,9
DA:92,0
DA:96,10
DA:100,13
DA:101,13
DA:102,13
DA:107,24
DA:108,24
DA:109,24
DA:110,19
DA:111,19
DA:113,5
DA:114,5
DA:115,1
DA:117,4
DA:122,1
DA:123,1
DA:124,1
DA:125,1
DA:131,1
DA:132,1
DA:133,6
DA:134,2
DA:137,1
DA:141,5
DA:142,1
DA:148,1
LF:63
LH:59
BRDA:29,0,0,1
BRDA:29,0,1,0
BRDA:30,1,0,1
BRDA:30,1,1,0
BRDA:38,2,0,2
BRDA:38,2,1,6
BRDA:49,3,0,1
BRDA:49,3,1,2
BRDA:53,4,0,1
BRDA:53,4,1,1
BRDA:64,5,0,1
BRDA:64,5,1,0
BRDA:72,6,0,2
BRDA:72,6,1,0
BRDA:80,7,0,2
BRDA:80,7,1,0
BRDA:88,8,0,9
BRDA:88,8,1,0
BRDA:100,9,0,13
BRDA:100,9,1,0
BRDA:107,10,0,24
BRDA:107,10,1,0
BRDA:109,11,0,19
BRDA:109,11,1,5
BRDA:114,12,0,1
BRDA:114,12,1,4
BRDA:122,13,0,1
BRDA:122,13,1,0
BRDA:124,14,0,1
BRDA:124,14,1,0
BRDA:133,15,0,2
BRDA:133,15,1,4
BRDA:141,16,0,1
BRDA:141,16,1,0
BRF:34
BRH:23
end_of_record
TN:
SF:src\Player.js
FN:5,(anonymous_0)
FNF:1
FNH:1
FNDA:10,(anonymous_0)
DA:6,10
DA:7,9
DA:8,9
DA:10,1
DA:14,1
LF:5
LH:5
BRDA:6,0,0,9
BRDA:6,0,1,1
BRF:2
BRH:2
end_of_record
TN:
SF:src\Ranking.js
FN:6,(anonymous_0)
FN:10,(anonymous_1)
FN:14,(anonymous_2)
FN:18,(anonymous_3)
FN:28,(anonymous_4)
FNF:5
FNH:5
FNDA:1,(anonymous_0)
FNDA:2,(anonymous_1)
FNDA:1,(anonymous_2)
FNDA:1,(anonymous_3)
FNDA:2,(anonymous_4)
DA:7,1
DA:11,2
DA:16,1
DA:18,1
DA:19,1
DA:20,1
DA:22,0
DA:23,0
DA:25,0
DA:28,1
DA:29,2
DA:32,1
DA:39,1
LF:13
LH:10
BRDA:19,0,0,1
BRDA:19,0,1,0
BRDA:22,1,0,0
BRDA:22,1,1,0
BRF:4
BRH:1
end_of_record
