TN:
SF:src\Game.js
FN:19,(anonymous_0)
FN:32,(anonymous_1)
FN:43,(anonymous_2)
FN:63,(anonymous_3)
FN:71,(anonymous_4)
FN:83,(anonymous_5)
FN:92,(anonymous_6)
FN:96,(anonymous_7)
FN:104,(anonymous_8)
FN:112,(anonymous_9)
FN:120,(anonymous_10)
FN:128,(anonymous_11)
FN:132,(anonymous_12)
FN:136,(anonymous_13)
FN:143,(anonymous_14)
FN:157,(anonymous_15)
FN:166,(anonymous_16)
FN:176,(anonymous_17)
FN:183,(anonymous_18)
FN:188,(anonymous_19)
FNF:20
FNH:20
FNDA:23,(anonymous_0)
FNDA:1,(anonymous_1)
FNDA:1,(anonymous_2)
FNDA:1,(anonymous_3)
FNDA:8,(anonymous_4)
FNDA:4,(anonymous_5)
FNDA:2,(anonymous_6)
FNDA:1,(anonymous_7)
FNDA:2,(anonymous_8)
FNDA:2,(anonymous_9)
FNDA:9,(anonymous_10)
FNDA:10,(anonymous_11)
FNDA:2,(anonymous_12)
FNDA:14,(anonymous_13)
FNDA:28,(anonymous_14)
FNDA:1,(anonymous_15)
FNDA:24,(anonymous_16)
FNDA:4,(anonymous_17)
FNDA:5,(anonymous_18)
FNDA:4,(anonymous_19)
DA:1,1
DA:20,23
DA:21,23
DA:22,23
DA:23,23
DA:24,23
DA:25,23
DA:26,23
DA:27,23
DA:28,23
DA:33,1
DA:34,1
DA:35,1
DA:36,1
DA:44,1
DA:46,1
DA:48,1
DA:49,1
DA:51,0
DA:52,0
DA:54,0
DA:55,0
DA:57,1
DA:58,1
DA:64,1
DA:65,1
DA:66,1
DA:72,8
DA:73,8
DA:74,2
DA:76,6
DA:78,8
DA:79,8
DA:84,4
DA:85,2
DA:86,2
DA:88,2
DA:93,2
DA:97,1
DA:98,1
DA:99,1
DA:101,0
DA:105,2
DA:106,2
DA:107,2
DA:109,0
DA:113,2
DA:114,2
DA:115,2
DA:117,0
DA:121,9
DA:122,9
DA:123,9
DA:125,0
DA:129,10
DA:133,2
DA:137,14
DA:138,14
DA:139,14
DA:144,28
DA:145,28
DA:146,28
DA:147,23
DA:148,23
DA:149,23
DA:150,23
DA:152,5
DA:153,5
DA:158,1
DA:159,1
DA:160,1
DA:161,1
DA:167,24
DA:168,24
DA:169,133
DA:170,37
DA:173,24
DA:177,4
DA:179,2
DA:182,2
DA:183,5
DA:184,2
DA:189,4
DA:194,1
LF:84
LH:76
BRDA:33,0,0,1
BRDA:33,0,1,0
BRDA:35,1,0,1
BRDA:35,1,1,0
BRDA:44,2,0,1
BRDA:44,2,1,0
BRDA:46,3,0,1
BRDA:46,3,1,0
BRDA:46,3,2,0
BRDA:64,4,0,1
BRDA:64,4,1,0
BRDA:65,5,0,1
BRDA:65,5,1,0
BRDA:73,6,0,2
BRDA:73,6,1,6
BRDA:84,7,0,2
BRDA:84,7,1,2
BRDA:97,8,0,1
BRDA:97,8,1,0
BRDA:105,9,0,2
BRDA:105,9,1,0
BRDA:113,10,0,2
BRDA:113,10,1,0
BRDA:121,11,0,9
BRDA:121,11,1,0
BRDA:137,12,0,14
BRDA:137,12,1,0
BRDA:144,13,0,28
BRDA:144,13,1,0
BRDA:146,14,0,23
BRDA:146,14,1,5
BRDA:158,15,0,1
BRDA:158,15,1,0
BRDA:160,16,0,1
BRDA:160,16,1,0
BRDA:169,17,0,37
BRDA:169,17,1,96
BRDA:177,18,0,2
BRDA:177,18,1,2
BRDA:177,19,0,4
BRDA:177,19,1,3
BRDA:182,20,0,2
BRDA:182,20,1,0
BRDA:182,21,0,2
BRDA:182,21,1,1
BRF:45
BRH:29
end_of_record
TN:
SF:src\Player.js
FN:7,(anonymous_0)
FN:19,(anonymous_1)
FN:27,(anonymous_2)
FN:30,(anonymous_3)
FNF:4
FNH:4
FNDA:23,(anonymous_0)
FNDA:10,(anonymous_1)
FNDA:2,(anonymous_2)
FNDA:4,(anonymous_3)
DA:8,23
DA:16,23
DA:20,10
DA:21,9
DA:22,9
DA:24,1
DA:28,2
DA:29,2
DA:30,2
DA:31,4
DA:32,2
DA:33,2
DA:36,2
DA:43,1
LF:14
LH:14
BRDA:20,0,0,9
BRDA:20,0,1,1
BRDA:29,1,0,2
BRDA:29,1,1,0
BRDA:29,2,0,2
BRDA:29,2,1,2
BRDA:31,3,0,2
BRDA:31,3,1,2
BRDA:31,4,0,4
BRDA:31,4,1,2
BRF:10
BRH:9
end_of_record
TN:
SF:src\Ranking.js
FN:6,(anonymous_0)
FN:10,(anonymous_1)
FN:14,(anonymous_2)
FN:18,(anonymous_3)
FN:28,(anonymous_4)
FNF:5
FNH:5
FNDA:1,(anonymous_0)
FNDA:2,(anonymous_1)
FNDA:1,(anonymous_2)
FNDA:1,(anonymous_3)
FNDA:2,(anonymous_4)
DA:7,1
DA:11,2
DA:16,1
DA:18,1
DA:19,1
DA:20,1
DA:22,0
DA:23,0
DA:25,0
DA:28,1
DA:29,2
DA:32,1
DA:39,1
LF:13
LH:10
BRDA:19,0,0,1
BRDA:19,0,1,0
BRDA:22,1,0,0
BRDA:22,1,1,0
BRF:4
BRH:1
end_of_record
